<?xml version="1.0" encoding="UTF-8"?>
<!-- Generated by org.testng.reporters.JUnitXMLReporter -->
<testsuite ignored="0" hostname="appium" failures="0" tests="3" name="test2" time="18.322" errors="0" timestamp="03 Mar 2019 06:04:25 GMT">
  <testcase classname="framework_testng.CrossBrowser.CrossBrowser_Test" name="launchBrowser" time="2.587"/>
  <testcase classname="framework_testng.CrossBrowser.CrossBrowser_Test" name="loadApp" time="5.324"/>
  <testcase classname="framework_testng.CrossBrowser.CrossBrowser_Test" name="flight_search" time="10.385"/>
</testsuite> <!-- test2 -->
