<?xml version="1.0" encoding="UTF-8"?>
<!-- Generated by org.testng.reporters.JUnitXMLReporter -->
<testsuite ignored="0" hostname="appium" failures="0" tests="3" name="test1" time="25.031" errors="0" timestamp="03 Mar 2019 06:04:31 GMT">
  <testcase classname="framework_testng.CrossBrowser.CrossBrowser_Test" name="launchBrowser" time="7.004"/>
  <testcase classname="framework_testng.CrossBrowser.CrossBrowser_Test" name="loadApp" time="6.563"/>
  <testcase classname="framework_testng.CrossBrowser.CrossBrowser_Test" name="flight_search" time="11.438"/>
</testsuite> <!-- test1 -->
