<?xml version="1.0" encoding="UTF-8"?>
<!-- Generated by org.testng.reporters.JUnitXMLReporter -->
<testsuite ignored="4" hostname="appium" failures="0" tests="5" name="test1" time="0.038" errors="0" timestamp="03 Mar 2019 05:19:25 GMT">
  <testcase classname="framework_testng.TestSuite.Class1" name="tc002" time="0.01"/>
  <testcase classname="framework_testng.TestSuite.Class2" name="tc005" time="0.001"/>
  <testcase classname="framework_testng.TestSuite.Class2" name="tc006" time="0.0"/>
  <testcase classname="framework_testng.TestSuite.Class3" name="tc007" time="0.001"/>
  <testcase classname="framework_testng.TestSuite.Class3" name="tc009" time="0.001"/>
  <testcase classname="framework_testng.TestSuite.Class1" name="tc003" time="0.0">
    <ignored/>
  </testcase> <!-- tc003 -->
  <testcase classname="framework_testng.TestSuite.Class3" name="tc008" time="0.0">
    <ignored/>
  </testcase> <!-- tc008 -->
  <testcase classname="framework_testng.TestSuite.Class1" name="tc001" time="0.0">
    <ignored/>
  </testcase> <!-- tc001 -->
  <testcase classname="framework_testng.TestSuite.Class2" name="tc004" time="0.0">
    <ignored/>
  </testcase> <!-- tc004 -->
</testsuite> <!-- test1 -->
