<?xml version="1.0" encoding="UTF-8"?>
<!-- Generated by org.testng.reporters.JUnitXMLReporter -->
<testsuite ignored="3" hostname="appium" failures="0" tests="3" name="testfirefox" time="0.035" errors="0" timestamp="03 Mar 2019 05:43:28 GMT">
  <testcase classname="framework_testng.Groups.TestSuite1" name="tc001" time="0.01"/>
  <testcase classname="framework_testng.Groups.TestSuite1" name="tc003" time="0.002"/>
  <testcase classname="framework_testng.Groups.TestSuite2" name="tc004" time="0.0"/>
  <testcase classname="framework_testng.Groups.TestSuite2" name="tc006" time="0.0">
    <ignored/>
  </testcase> <!-- tc006 -->
  <testcase classname="framework_testng.Groups.TestSuite2" name="tc005" time="0.0">
    <ignored/>
  </testcase> <!-- tc005 -->
  <testcase classname="framework_testng.Groups.TestSuite1" name="tc002" time="0.0">
    <ignored/>
  </testcase> <!-- tc002 -->
</testsuite> <!-- testfirefox -->
