<?xml version="1.0" encoding="UTF-8"?>
<!-- Generated by org.testng.reporters.JUnitXMLReporter -->
<testsuite ignored="0" hostname="appium" failures="1" tests="10" name="test1" time="0.046" errors="0" timestamp="03 Mar 2019 06:24:34 GMT">
  <testcase classname="framework_testng.Listeners.MyTest" name="tc001" time="0.009"/>
  <testcase classname="framework_testng.Listeners.MyTest" name="tc002" time="0.002">
    <failure type="java.lang.AssertionError" message="expected [google] but found [gmail]">
      <![CDATA[java.lang.AssertionError: expected [google] but found [gmail]
at framework_testng.Listeners.MyTest.tc002(MyTest.java:18)
... Removed 31 stack frames]]>
    </failure>
  </testcase> <!-- tc002 -->
  <testcase classname="framework_testng.Listeners.MyTest" name="tc003" time="0.001">
    <skipped/>
  </testcase> <!-- tc003 -->
  <testcase classname="framework_testng.Listeners.MyTest" name="tc004" time="0.001"/>
  <testcase classname="framework_testng.Listeners.MyTest" name="tc005" time="0.001">
    <skipped/>
  </testcase> <!-- tc005 -->
  <testcase classname="framework_testng.Listeners.MyTest" name="tc006" time="0.001"/>
  <testcase classname="framework_testng.Listeners.MyTest" name="tc006" time="0.001"/>
  <testcase classname="framework_testng.Listeners.MyTest" name="tc006" time="0.0"/>
  <testcase classname="framework_testng.Listeners.MyTest" name="tc006" time="0.001"/>
  <testcase classname="framework_testng.Listeners.MyTest" name="tc006" time="0.001"/>
</testsuite> <!-- test1 -->
