<?xml version="1.0" encoding="UTF-8"?>
<testng-results ignored="1" total="5" passed="4" failed="0" skipped="0">
  <reporter-output>
  </reporter-output>
  <suite started-at="2019-03-03T07:39:16Z" name="Default suite" finished-at="2019-03-03T07:39:16Z" duration-ms="39">
    <groups>
    </groups>
    <test started-at="2019-03-03T07:39:16Z" name="Default test" finished-at="2019-03-03T07:39:16Z" duration-ms="39">
      <class name="framework_testng.DP.DP_Test">
        <test-method signature="EmployeeInfo(java.lang.String, java.lang.String)[pri:0, instance:framework_testng.DP.DP_Test@510f3d34]" started-at="2019-03-03T07:39:16Z" name="EmployeeInfo" data-provider="SampleData" finished-at="2019-03-03T07:39:16Z" duration-ms="7" status="PASS">
          <params>
            <param index="0">
              <value>
                <![CDATA[Arun]]>
              </value>
            </param>
            <param index="1">
              <value>
                <![CDATA[Emp1]]>
              </value>
            </param>
          </params>
          <reporter-output>
          </reporter-output>
        </test-method> <!-- EmployeeInfo -->
        <test-method signature="EmployeeInfo(java.lang.String, java.lang.String)[pri:0, instance:framework_testng.DP.DP_Test@510f3d34]" started-at="2019-03-03T07:39:16Z" name="EmployeeInfo" data-provider="SampleData" finished-at="2019-03-03T07:39:16Z" duration-ms="1" status="PASS">
          <params>
            <param index="0">
              <value>
                <![CDATA[Vijay]]>
              </value>
            </param>
            <param index="1">
              <value>
                <![CDATA[Emp2]]>
              </value>
            </param>
          </params>
          <reporter-output>
          </reporter-output>
        </test-method> <!-- EmployeeInfo -->
        <test-method signature="EmployeeInfo(java.lang.String, java.lang.String)[pri:0, instance:framework_testng.DP.DP_Test@510f3d34]" started-at="2019-03-03T07:39:16Z" name="EmployeeInfo" data-provider="SampleData" finished-at="2019-03-03T07:39:16Z" duration-ms="1" status="PASS">
          <params>
            <param index="0">
              <value>
                <![CDATA[Surya]]>
              </value>
            </param>
            <param index="1">
              <value>
                <![CDATA[Emp3]]>
              </value>
            </param>
          </params>
          <reporter-output>
          </reporter-output>
        </test-method> <!-- EmployeeInfo -->
        <test-method signature="EmployeeInfo(java.lang.String, java.lang.String)[pri:0, instance:framework_testng.DP.DP_Test@510f3d34]" started-at="2019-03-03T07:39:16Z" name="EmployeeInfo" data-provider="SampleData" finished-at="2019-03-03T07:39:16Z" duration-ms="1" status="PASS">
          <params>
            <param index="0">
              <value>
                <![CDATA[raju]]>
              </value>
            </param>
            <param index="1">
              <value>
                <![CDATA[Emp4]]>
              </value>
            </param>
          </params>
          <reporter-output>
          </reporter-output>
        </test-method> <!-- EmployeeInfo -->
      </class> <!-- framework_testng.DP.DP_Test -->
    </test> <!-- Default test -->
  </suite> <!-- Default suite -->
</testng-results>
