<?xml version="1.0" encoding="UTF-8"?>
<testng-results ignored="0" total="13" passed="13" failed="0" skipped="0">
  <reporter-output>
  </reporter-output>
  <suite started-at="2019-03-02T11:19:00Z" name="Default suite" finished-at="2019-03-02T11:19:10Z" duration-ms="9092">
    <groups>
    </groups>
    <test started-at="2019-03-02T11:19:00Z" name="Default test" finished-at="2019-03-02T11:19:10Z" duration-ms="9092">
      <class name="framework_testng.Invocation_Count">
        <test-method is-config="true" signature="launch_browser()[pri:0, instance:framework_testng.Invocation_Count@38afe297]" started-at="2019-03-02T11:19:01Z" name="launch_browser" finished-at="2019-03-02T11:19:08Z" duration-ms="7698" status="PASS">
          <reporter-output>
          </reporter-output>
        </test-method> <!-- launch_browser -->
        <test-method signature="test1()[pri:0, instance:framework_testng.Invocation_Count@38afe297]" started-at="2019-03-02T11:19:08Z" name="test1" finished-at="2019-03-02T11:19:08Z" duration-ms="152" status="PASS">
          <reporter-output>
          </reporter-output>
        </test-method> <!-- test1 -->
        <test-method signature="test1()[pri:0, instance:framework_testng.Invocation_Count@38afe297]" started-at="2019-03-02T11:19:08Z" name="test1" finished-at="2019-03-02T11:19:08Z" duration-ms="97" status="PASS">
          <reporter-output>
          </reporter-output>
        </test-method> <!-- test1 -->
        <test-method signature="test1()[pri:0, instance:framework_testng.Invocation_Count@38afe297]" started-at="2019-03-02T11:19:08Z" name="test1" finished-at="2019-03-02T11:19:09Z" duration-ms="93" status="PASS">
          <reporter-output>
          </reporter-output>
        </test-method> <!-- test1 -->
        <test-method signature="test1()[pri:0, instance:framework_testng.Invocation_Count@38afe297]" started-at="2019-03-02T11:19:09Z" name="test1" finished-at="2019-03-02T11:19:09Z" duration-ms="92" status="PASS">
          <reporter-output>
          </reporter-output>
        </test-method> <!-- test1 -->
        <test-method signature="test1()[pri:0, instance:framework_testng.Invocation_Count@38afe297]" started-at="2019-03-02T11:19:09Z" name="test1" finished-at="2019-03-02T11:19:09Z" duration-ms="103" status="PASS">
          <reporter-output>
          </reporter-output>
        </test-method> <!-- test1 -->
        <test-method signature="test1()[pri:0, instance:framework_testng.Invocation_Count@38afe297]" started-at="2019-03-02T11:19:09Z" name="test1" finished-at="2019-03-02T11:19:09Z" duration-ms="100" status="PASS">
          <reporter-output>
          </reporter-output>
        </test-method> <!-- test1 -->
        <test-method signature="test1()[pri:0, instance:framework_testng.Invocation_Count@38afe297]" started-at="2019-03-02T11:19:09Z" name="test1" finished-at="2019-03-02T11:19:09Z" duration-ms="93" status="PASS">
          <reporter-output>
          </reporter-output>
        </test-method> <!-- test1 -->
        <test-method signature="test1()[pri:0, instance:framework_testng.Invocation_Count@38afe297]" started-at="2019-03-02T11:19:09Z" name="test1" finished-at="2019-03-02T11:19:09Z" duration-ms="99" status="PASS">
          <reporter-output>
          </reporter-output>
        </test-method> <!-- test1 -->
        <test-method signature="test1()[pri:0, instance:framework_testng.Invocation_Count@38afe297]" started-at="2019-03-02T11:19:09Z" name="test1" finished-at="2019-03-02T11:19:09Z" duration-ms="99" status="PASS">
          <reporter-output>
          </reporter-output>
        </test-method> <!-- test1 -->
        <test-method signature="test1()[pri:0, instance:framework_testng.Invocation_Count@38afe297]" started-at="2019-03-02T11:19:09Z" name="test1" finished-at="2019-03-02T11:19:09Z" duration-ms="101" status="PASS">
          <reporter-output>
          </reporter-output>
        </test-method> <!-- test1 -->
        <test-method signature="test1()[pri:0, instance:framework_testng.Invocation_Count@38afe297]" started-at="2019-03-02T11:19:09Z" name="test1" finished-at="2019-03-02T11:19:09Z" duration-ms="109" status="PASS">
          <reporter-output>
          </reporter-output>
        </test-method> <!-- test1 -->
        <test-method signature="test1()[pri:0, instance:framework_testng.Invocation_Count@38afe297]" started-at="2019-03-02T11:19:09Z" name="test1" finished-at="2019-03-02T11:19:09Z" duration-ms="118" status="PASS">
          <reporter-output>
          </reporter-output>
        </test-method> <!-- test1 -->
        <test-method signature="test1()[pri:0, instance:framework_testng.Invocation_Count@38afe297]" started-at="2019-03-02T11:19:09Z" name="test1" finished-at="2019-03-02T11:19:10Z" duration-ms="112" status="PASS">
          <reporter-output>
          </reporter-output>
        </test-method> <!-- test1 -->
      </class> <!-- framework_testng.Invocation_Count -->
    </test> <!-- Default test -->
  </suite> <!-- Default suite -->
</testng-results>
