<?xml version="1.0" encoding="UTF-8"?>
<!-- Generated by org.testng.reporters.JUnitXMLReporter -->
<testsuite ignored="1" hostname="appium" failures="0" tests="4" name="Default test" time="0.039" errors="0" timestamp="03 Mar 2019 07:39:16 GMT">
  <testcase classname="framework_testng.DP.DP_Test" name="EmployeeInfo" time="0.007"/>
  <testcase classname="framework_testng.DP.DP_Test" name="EmployeeInfo" time="0.001"/>
  <testcase classname="framework_testng.DP.DP_Test" name="EmployeeInfo" time="0.001"/>
  <testcase classname="framework_testng.DP.DP_Test" name="EmployeeInfo" time="0.001"/>
  <testcase classname="framework_testng.DP.DP_Test" name="user_search" time="0.0">
    <ignored/>
  </testcase> <!-- user_search -->
</testsuite> <!-- Default test -->
