<?xml version="1.0" encoding="UTF-8"?>
<!-- Generated by org.testng.reporters.JUnitXMLReporter -->
<testsuite ignored="0" hostname="appium" failures="0" tests="13" name="Default test" time="9.092" errors="0" timestamp="02 Mar 2019 11:19:10 GMT">
  <testcase classname="framework_testng.Invocation_Count" name="test1" time="0.152"/>
  <testcase classname="framework_testng.Invocation_Count" name="test1" time="0.097"/>
  <testcase classname="framework_testng.Invocation_Count" name="test1" time="0.093"/>
  <testcase classname="framework_testng.Invocation_Count" name="test1" time="0.092"/>
  <testcase classname="framework_testng.Invocation_Count" name="test1" time="0.103"/>
  <testcase classname="framework_testng.Invocation_Count" name="test1" time="0.1"/>
  <testcase classname="framework_testng.Invocation_Count" name="test1" time="0.093"/>
  <testcase classname="framework_testng.Invocation_Count" name="test1" time="0.099"/>
  <testcase classname="framework_testng.Invocation_Count" name="test1" time="0.099"/>
  <testcase classname="framework_testng.Invocation_Count" name="test1" time="0.101"/>
  <testcase classname="framework_testng.Invocation_Count" name="test1" time="0.109"/>
  <testcase classname="framework_testng.Invocation_Count" name="test1" time="0.118"/>
  <testcase classname="framework_testng.Invocation_Count" name="test1" time="0.112"/>
</testsuite> <!-- Default test -->
