<?xml version="1.0" encoding="UTF-8"?>
<!-- Generated by org.testng.reporters.JUnitXMLReporter -->
<testsuite ignored="0" hostname="appium" failures="0" tests="6" name="chrome" time="0.037" errors="0" timestamp="03 Mar 2019 05:38:19 GMT">
  <testcase classname="framework_testng.BeforeTest_and_AfterTest.TestSuite1" name="tc001" time="0.004"/>
  <testcase classname="framework_testng.BeforeTest_and_AfterTest.TestSuite1" name="tc002" time="0.001"/>
  <testcase classname="framework_testng.BeforeTest_and_AfterTest.TestSuite1" name="tc003" time="0.0"/>
  <testcase classname="framework_testng.BeforeTest_and_AfterTest.TestSuite2" name="tc004" time="0.001"/>
  <testcase classname="framework_testng.BeforeTest_and_AfterTest.TestSuite2" name="tc005" time="0.001"/>
  <testcase classname="framework_testng.BeforeTest_and_AfterTest.TestSuite2" name="tc006" time="0.0"/>
</testsuite> <!-- chrome -->
